#
# There is insufficient memory for the Java Runtime Environment to continue.
# Native memory allocation (mmap) failed to map 35651584 bytes for G1 virtual space
# Possible reasons:
#   The system is out of physical RAM or swap space
#   The process is running with CompressedOops enabled, and the Java Heap may be blocking the growth of the native heap
# Possible solutions:
#   Reduce memory load on the system
#   Increase physical memory or swap space
#   Check if swap backing store is full
#   Decrease Java heap size (-Xmx/-Xms)
#   Decrease number of Java threads
#   Decrease Java thread stack sizes (-Xss)
#   Set larger code cache with -XX:ReservedCodeCacheSize=
#   JVM is running with Zero Based Compressed Oops mode in which the Java heap is
#     placed in the first 32GB address space. The Java Heap base address is the
#     maximum limit for the native heap growth. Please use -XX:HeapBaseMinAddress
#     to set the Java Heap base and to place the Java Heap above 32GB virtual address.
# This output file may be truncated or incomplete.
#
#  Out of Memory Error (./open/src/hotspot/os/windows/os_windows.cpp:3472), pid=10916, tid=27076
#
# JRE version: Java(TM) SE Runtime Environment (15.0.1+9) (build 15.0.1+9-18)
# Java VM: Java HotSpot(TM) 64-Bit Server VM (15.0.1+9-18, mixed mode, sharing, tiered, compressed oops, g1 gc, windows-amd64)
# No core dump will be written. Minidumps are not enabled by default on client versions of Windows
#

---------------  S U M M A R Y ------------

Command Line: -javaagent:C:\Program Files\JetBrains\IntelliJ IDEA 2020.2.3\lib\idea_rt.jar=14490:C:\Program Files\JetBrains\IntelliJ IDEA 2020.2.3\bin -Dfile.encoding=UTF-8 org.kebs.app.kotlin.apollo.api.ApiApplicationKt

Host: Intel(R) Core(TM) i5-10210U CPU @ 1.60GHz, 8 cores, 15G,  Windows 10 , 64 bit Build 19041 (10.0.19041.804)
Time: Tue Mar  2 15:14:37 2021 E. Africa Standard Time elapsed time: 60.566320 seconds (0d 0h 1m 0s)

---------------  T H R E A D  ---------------

Current thread (0x000001ef0c9850c0):  VMThread "VM Thread" [stack: 0x00000049f0b00000,0x00000049f0c00000] [id=27076]

Stack: [0x00000049f0b00000,0x00000049f0c00000]
[error occurred during error reporting (printing stack bounds), id 0xc0000005, EXCEPTION_ACCESS_VIOLATION (0xc0000005) at pc=0x000001ef70e110ad]

Native frames: (J=compiled Java code, j=interpreted, Vv=VM code, C=native code)
V  [jvm.dll+0x62ae9a]
V  [jvm.dll+0x781389]
V  [jvm.dll+0x782ae3]
V  [jvm.dll+0x7830a5]
V  [jvm.dll+0x78305b]
V  [jvm.dll+0x62a2b9]
V  [jvm.dll+0x62aa88]
C  [ntdll.dll+0xa197f]
C  [ntdll.dll+0x4b754]
C  [ntdll.dll+0xa04ae]
C  0x000001ef70e110ad

VM_Operation (0x00000049f05fcfa0): G1CollectForAllocation, mode: safepoint, requested by thread 0x000001ef673b9e20


---------------  P R O C E S S  ---------------

Threads class SMR info:
_java_thread_list=0x000001ef121acfc0, length=17, elements={
0x000001ef673b9e20, 0x000001ef0c988000, 0x000001ef0c988ae0, 0x000001ef0c98e680,
0x000001ef0d19e3e0, 0x000001ef0d1a2560, 0x000001ef0d1a3300, 0x000001ef0d1a3db0,
0x000001ef0d1b5a30, 0x000001ef0c96cd00, 0x000001ef0dcd87d0, 0x000001ef0dd026e0,
0x000001ef132ddf10, 0x000001ef132de8b0, 0x000001ef132ded80, 0x000001ef132e18d0,
0x000001ef13c746d0
}

Java Threads: ( => current thread )
  0x000001ef673b9e20 JavaThread "main" [_thread_blocked, id=48184, stack(0x00000049f0500000,0x00000049f0600000)]
  0x000001ef0c988000 JavaThread "Reference Handler" daemon [_thread_blocked, id=26556, stack(0x00000049f0c00000,0x00000049f0d00000)]
  0x000001ef0c988ae0 JavaThread "Finalizer" daemon [_thread_blocked, id=24348, stack(0x00000049f0d00000,0x00000049f0e00000)]
  0x000001ef0c98e680 JavaThread "Signal Dispatcher" daemon [_thread_blocked, id=22928, stack(0x00000049f0e00000,0x00000049f0f00000)]
  0x000001ef0d19e3e0 JavaThread "Attach Listener" daemon [_thread_blocked, id=66916, stack(0x00000049f0f00000,0x00000049f1000000)]
  0x000001ef0d1a2560 JavaThread "Service Thread" daemon [_thread_blocked, id=48896, stack(0x00000049f1000000,0x00000049f1100000)]
  0x000001ef0d1a3300 JavaThread "C2 CompilerThread0" daemon [_thread_blocked, id=76172, stack(0x00000049f1100000,0x00000049f1200000)]
  0x000001ef0d1a3db0 JavaThread "C1 CompilerThread0" daemon [_thread_blocked, id=38540, stack(0x00000049f1200000,0x00000049f1300000)]
  0x000001ef0d1b5a30 JavaThread "Sweeper thread" daemon [_thread_blocked, id=75388, stack(0x00000049f1300000,0x00000049f1400000)]
  0x000001ef0c96cd00 JavaThread "Common-Cleaner" daemon [_thread_blocked, id=52792, stack(0x00000049f1400000,0x00000049f1500000)]
  0x000001ef0dcd87d0 JavaThread "Monitor Ctrl-Break" daemon [_thread_in_native, id=67360, stack(0x00000049f1600000,0x00000049f1700000)]
  0x000001ef0dd026e0 JavaThread "Notification Thread" daemon [_thread_blocked, id=34688, stack(0x00000049f1700000,0x00000049f1800000)]
  0x000001ef132ddf10 JavaThread "Timer-0" daemon [_thread_blocked, id=78792, stack(0x00000049f1500000,0x00000049f1600000)]
  0x000001ef132de8b0 JavaThread "oracle.jdbc.driver.BlockSource.ThreadedCachingBlockSource.BlockReleaser" daemon [_thread_blocked, id=31324, stack(0x00000049f2000000,0x00000049f2100000)]
  0x000001ef132ded80 JavaThread "InterruptTimer" daemon [_thread_blocked, id=31128, stack(0x00000049f2100000,0x00000049f2200000)]
  0x000001ef132e18d0 JavaThread "apollo housekeeper" daemon [_thread_blocked, id=60072, stack(0x00000049f2200000,0x00000049f2300000)]
  0x000001ef13c746d0 JavaThread "C2 CompilerThread1" daemon [_thread_blocked, id=3088, stack(0x00000049f2300000,0x00000049f2400000)]

Other Threads:
=>0x000001ef0c9850c0 VMThread "VM Thread" [stack: 0x00000049f0b00000,0x00000049f0c00000] [id=27076]
  0x000001ef0dd02bb0 WatcherThread [stack: 0x00000049f1800000,0x00000049f1900000] [id=48704]
  0x000001ef6740c090 GCTaskThread "GC Thread#0" [stack: 0x00000049f0600000,0x00000049f0700000] [id=13540]
  0x000001ef0e48e4b0 GCTaskThread "GC Thread#1" [stack: 0x00000049f1900000,0x00000049f1a00000] [id=50824]
  0x000001ef0e490490 GCTaskThread "GC Thread#2" [stack: 0x00000049f1a00000,0x00000049f1b00000] [id=47236]
  0x000001ef0e48e7e0 GCTaskThread "GC Thread#3" [stack: 0x00000049f1b00000,0x00000049f1c00000] [id=70720]
  0x000001ef0e4907c0 GCTaskThread "GC Thread#4" [stack: 0x00000049f1c00000,0x00000049f1d00000] [id=10372]
  0x000001ef0e48eb10 GCTaskThread "GC Thread#5" [stack: 0x00000049f1d00000,0x00000049f1e00000] [id=72448]
  0x000001ef6741dec0 ConcurrentGCThread "G1 Main Marker" [stack: 0x00000049f0700000,0x00000049f0800000] [id=53412]
  0x000001ef6741f1e0 ConcurrentGCThread "G1 Conc#0" [stack: 0x00000049f0800000,0x00000049f0900000] [id=28648]
  0x000001ef0e490af0 ConcurrentGCThread "G1 Conc#1" [stack: 0x00000049f1e00000,0x00000049f1f00000] [id=75252]
  0x000001ef0c7fc110 ConcurrentGCThread "G1 Refine#0" [stack: 0x00000049f0900000,0x00000049f0a00000] [id=25604]
  0x000001ef0f88ff40 ConcurrentGCThread "G1 Refine#1" [stack: 0x00000049f1f00000,0x00000049f2000000] [id=59068]
  0x000001ef0f88dd80 ConcurrentGCThread "G1 Refine#2" [stack: 0x00000049f2400000,0x00000049f2500000] [id=68016]
  0x000001ef0f88f1c0 ConcurrentGCThread "G1 Refine#3" [stack: 0x00000049f2700000,0x00000049f2800000] [id=24152]
  0x000001ef1460bbe0 ConcurrentGCThread "G1 Refine#4" [stack: 0x00000049f2800000,0x00000049f2900000] [id=71328]
  0x000001ef0c7fcc20 ConcurrentGCThread "G1 Young RemSet Sampling" [stack: 0x00000049f0a00000,0x00000049f0b00000] [id=66756]

Threads with active compile tasks:
C2 CompilerThread0    60583 10009       4       org.hibernate.validator.internal.metadata.aggregated.BeanMetaDataBuilder$BuilderDelegate::build (48 bytes)
C1 CompilerThread0    60583 10434       3       org.hibernate.bytecode.enhance.spi.interceptor.EnhancementHelper::includeInBaseFetchGroup (120 bytes)
C2 CompilerThread1    60583 10424 %     4       org.hibernate.internal.util.ReflectHelper::findGetterMethodForFieldAccess @ 14 (176 bytes)

VM state: at safepoint (normal execution)

VM Mutex/Monitor currently owned by a thread:  ([mutex/lock_event])
[0x000001ef673b5da0] Threads_lock - owner thread: 0x000001ef0c9850c0
[0x000001ef673b68e0] Heap_lock - owner thread: 0x000001ef673b9e20

Heap address: 0x0000000703c00000, size: 4036 MB, Compressed Oops mode: Zero based, Oop shift amount: 3
CDS archive(s) mapped at: [0x0000000800000000-0x0000000800b50000-0x0000000800b50000), size 11862016, SharedBaseAddress: 0x0000000800000000, ArchiveRelocationMode: 0.
Compressed class space mapped at: 0x0000000800b50000-0x0000000840b50000, size: 1073741824
Narrow klass base: 0x0000000800000000, Narrow klass shift: 3, Narrow klass range: 0x100000000

GC Precious Log:
 CPUs: 8 total, 8 available
 Memory: 16139M
 Large Page Support: Disabled
 NUMA Support: Disabled
 Compressed Oops: Enabled (Zero based)
 Heap Region Size: 2M
 Heap Min Capacity: 8M
 Heap Initial Capacity: 254M
 Heap Max Capacity: 4036M
 Pre-touch: Disabled
 Parallel Workers: 8
 Concurrent Workers: 2
 Concurrent Refinement Workers: 8
 Periodic GC: Disabled

Heap:
 garbage-first heap   total 294912K, used 121739K [0x0000000703c00000, 0x0000000800000000)
  region size 2048K, 4 young (8192K), 4 survivors (8192K)
 Metaspace       used 80177K, capacity 80863K, committed 81200K, reserved 1122304K
  class space    used 9031K, capacity 9247K, committed 9344K, reserved 1048576K

Heap Regions: E=young(eden), S=young(survivor), O=old, HS=humongous(starts), HC=humongous(continues), CS=collection set, F=free, OA=open archive, CA=closed archive, TAMS=top-at-mark-start (previous, next)
|   0|0x0000000703c00000, 0x0000000703e00000, 0x0000000703e00000|100%| O|  |TAMS 0x0000000703e00000, 0x0000000703c00000| Untracked 
|   1|0x0000000703e00000, 0x0000000704000000, 0x0000000704000000|100%| O|  |TAMS 0x0000000703e00000, 0x0000000703e00000| Untracked 
|   2|0x0000000704000000, 0x0000000704200000, 0x0000000704200000|100%| O|  |TAMS 0x0000000704200000, 0x0000000704000000| Untracked 
|   3|0x0000000704200000, 0x0000000704400000, 0x0000000704400000|100%| O|  |TAMS 0x0000000704400000, 0x0000000704200000| Untracked 
|   4|0x0000000704400000, 0x0000000704600000, 0x0000000704600000|100%| O|  |TAMS 0x0000000704600000, 0x0000000704400000| Untracked 
|   5|0x0000000704600000, 0x0000000704800000, 0x0000000704800000|100%| O|  |TAMS 0x0000000704800000, 0x0000000704600000| Untracked 
|   6|0x0000000704800000, 0x0000000704a00000, 0x0000000704a00000|100%| O|  |TAMS 0x0000000704a00000, 0x0000000704800000| Untracked 
|   7|0x0000000704a00000, 0x0000000704c00000, 0x0000000704c00000|100%| O|  |TAMS 0x0000000704c00000, 0x0000000704a00000| Untracked 
|   8|0x0000000704c00000, 0x0000000704e00000, 0x0000000704e00000|100%| O|  |TAMS 0x0000000704e00000, 0x0000000704c00000| Untracked 
|   9|0x0000000704e00000, 0x0000000705000000, 0x0000000705000000|100%| O|  |TAMS 0x0000000705000000, 0x0000000704e00000| Untracked 
|  10|0x0000000705000000, 0x0000000705200000, 0x0000000705200000|100%| O|  |TAMS 0x0000000705200000, 0x0000000705000000| Untracked 
|  11|0x0000000705200000, 0x0000000705400000, 0x0000000705400000|100%| O|  |TAMS 0x0000000705400000, 0x0000000705200000| Untracked 
|  12|0x0000000705400000, 0x0000000705600000, 0x0000000705600000|100%| O|  |TAMS 0x0000000705600000, 0x0000000705400000| Untracked 
|  13|0x0000000705600000, 0x0000000705800000, 0x0000000705800000|100%| O|  |TAMS 0x0000000705800000, 0x0000000705600000| Untracked 
|  14|0x0000000705800000, 0x0000000705a00000, 0x0000000705a00000|100%| O|  |TAMS 0x0000000705a00000, 0x0000000705800000| Untracked 
|  15|0x0000000705a00000, 0x0000000705c00000, 0x0000000705c00000|100%| O|  |TAMS 0x0000000705c00000, 0x0000000705a00000| Untracked 
|  16|0x0000000705c00000, 0x0000000705e00000, 0x0000000705e00000|100%| O|  |TAMS 0x0000000705e00000, 0x0000000705c00000| Untracked 
|  17|0x0000000705e00000, 0x0000000706000000, 0x0000000706000000|100%| O|  |TAMS 0x0000000706000000, 0x0000000705e00000| Untracked 
|  18|0x0000000706000000, 0x0000000706200000, 0x0000000706200000|100%| O|  |TAMS 0x0000000706200000, 0x0000000706000000| Untracked 
|  19|0x0000000706200000, 0x0000000706400000, 0x0000000706400000|100%| O|  |TAMS 0x0000000706400000, 0x0000000706200000| Untracked 
|  20|0x0000000706400000, 0x0000000706600000, 0x0000000706600000|100%| O|  |TAMS 0x0000000706600000, 0x0000000706400000| Untracked 
|  21|0x0000000706600000, 0x0000000706800000, 0x0000000706800000|100%| O|  |TAMS 0x0000000706800000, 0x0000000706600000| Untracked 
|  22|0x0000000706800000, 0x0000000706a00000, 0x0000000706a00000|100%| O|  |TAMS 0x0000000706a00000, 0x0000000706800000| Untracked 
|  23|0x0000000706a00000, 0x0000000706c00000, 0x0000000706c00000|100%| O|  |TAMS 0x0000000706a00000, 0x0000000706a00000| Untracked 
|  24|0x0000000706c00000, 0x0000000706dffe00, 0x0000000706e00000| 99%| O|  |TAMS 0x0000000706c00000, 0x0000000706c00000| Untracked 
|  25|0x0000000706e00000, 0x0000000706e00000, 0x0000000707000000|  0%| F|  |TAMS 0x0000000706e00000, 0x0000000706e00000| Untracked 
|  26|0x0000000707000000, 0x0000000707000000, 0x0000000707200000|  0%| F|  |TAMS 0x0000000707000000, 0x0000000707000000| Untracked 
|  27|0x0000000707200000, 0x0000000707400000, 0x0000000707400000|100%| O|  |TAMS 0x0000000707400000, 0x0000000707200000| Untracked 
|  28|0x0000000707400000, 0x0000000707600000, 0x0000000707600000|100%| O|  |TAMS 0x0000000707600000, 0x0000000707400000| Untracked 
|  29|0x0000000707600000, 0x0000000707800000, 0x0000000707800000|100%| O|  |TAMS 0x0000000707800000, 0x0000000707600000| Untracked 
|  30|0x0000000707800000, 0x0000000707a00000, 0x0000000707a00000|100%| O|  |TAMS 0x0000000707a00000, 0x0000000707800000| Untracked 
|  31|0x0000000707a00000, 0x0000000707c00000, 0x0000000707c00000|100%| O|  |TAMS 0x0000000707c00000, 0x0000000707a00000| Untracked 
|  32|0x0000000707c00000, 0x0000000707e00000, 0x0000000707e00000|100%| O|  |TAMS 0x0000000707e00000, 0x0000000707c00000| Untracked 
|  33|0x0000000707e00000, 0x0000000708000000, 0x0000000708000000|100%| O|  |TAMS 0x0000000708000000, 0x0000000707e00000| Untracked 
|  34|0x0000000708000000, 0x0000000708200000, 0x0000000708200000|100%| O|  |TAMS 0x0000000708200000, 0x0000000708000000| Untracked 
|  35|0x0000000708200000, 0x0000000708400000, 0x0000000708400000|100%| O|  |TAMS 0x0000000708400000, 0x0000000708200000| Untracked 
|  36|0x0000000708400000, 0x0000000708600000, 0x0000000708600000|100%| O|  |TAMS 0x0000000708600000, 0x0000000708400000| Untracked 
|  37|0x0000000708600000, 0x0000000708600000, 0x0000000708800000|  0%| F|  |TAMS 0x0000000708600000, 0x0000000708600000| Untracked 
|  38|0x0000000708800000, 0x0000000708a00000, 0x0000000708a00000|100%| O|  |TAMS 0x0000000708a00000, 0x0000000708800000| Untracked 
|  39|0x0000000708a00000, 0x0000000708c00000, 0x0000000708c00000|100%| O|  |TAMS 0x0000000708c00000, 0x0000000708a00000| Untracked 
|  40|0x0000000708c00000, 0x0000000708e00000, 0x0000000708e00000|100%| O|  |TAMS 0x0000000708e00000, 0x0000000708c00000| Untracked 
|  41|0x0000000708e00000, 0x0000000709000000, 0x0000000709000000|100%| O|  |TAMS 0x0000000709000000, 0x0000000708e00000| Untracked 
|  42|0x0000000709000000, 0x0000000709200000, 0x0000000709200000|100%| O|  |TAMS 0x0000000709200000, 0x0000000709000000| Untracked 
|  43|0x0000000709200000, 0x0000000709200000, 0x0000000709400000|  0%| F|  |TAMS 0x0000000709200000, 0x0000000709200000| Untracked 
|  44|0x0000000709400000, 0x0000000709400000, 0x0000000709600000|  0%| F|  |TAMS 0x0000000709400000, 0x0000000709400000| Untracked 
|  45|0x0000000709600000, 0x0000000709800000, 0x0000000709800000|100%| O|  |TAMS 0x0000000709800000, 0x0000000709600000| Untracked 
|  46|0x0000000709800000, 0x0000000709a00000, 0x0000000709a00000|100%| O|  |TAMS 0x0000000709a00000, 0x0000000709800000| Untracked 
|  47|0x0000000709a00000, 0x0000000709c00000, 0x0000000709c00000|100%| O|  |TAMS 0x0000000709c00000, 0x0000000709a00000| Untracked 
|  48|0x0000000709c00000, 0x0000000709e00000, 0x0000000709e00000|100%| O|  |TAMS 0x0000000709e00000, 0x0000000709c00000| Untracked 
|  49|0x0000000709e00000, 0x0000000709e00000, 0x000000070a000000|  0%| F|  |TAMS 0x0000000709e00000, 0x0000000709e00000| Untracked 
|  50|0x000000070a000000, 0x000000070a000000, 0x000000070a200000|  0%| F|  |TAMS 0x000000070a000000, 0x000000070a000000| Untracked 
|  51|0x000000070a200000, 0x000000070a200000, 0x000000070a400000|  0%| F|  |TAMS 0x000000070a200000, 0x000000070a200000| Untracked 
|  52|0x000000070a400000, 0x000000070a600000, 0x000000070a600000|100%| O|  |TAMS 0x000000070a600000, 0x000000070a400000| Untracked 
|  53|0x000000070a600000, 0x000000070a800000, 0x000000070a800000|100%| O|  |TAMS 0x000000070a800000, 0x000000070a600000| Untracked 
|  54|0x000000070a800000, 0x000000070aa00000, 0x000000070aa00000|100%| O|  |TAMS 0x000000070aa00000, 0x000000070a800000| Untracked 
|  55|0x000000070aa00000, 0x000000070ac00000, 0x000000070ac00000|100%| O|  |TAMS 0x000000070ac00000, 0x000000070aa00000| Untracked 
|  56|0x000000070ac00000, 0x000000070ae00000, 0x000000070ae00000|100%| O|  |TAMS 0x000000070ae00000, 0x000000070ac00000| Untracked 
|  57|0x000000070ae00000, 0x000000070b000000, 0x000000070b000000|100%| O|  |TAMS 0x000000070b000000, 0x000000070ae00000| Untracked 
|  58|0x000000070b000000, 0x000000070b200000, 0x000000070b200000|100%| O|  |TAMS 0x000000070b200000, 0x000000070b000000| Untracked 
|  59|0x000000070b200000, 0x000000070b400000, 0x000000070b400000|100%| O|  |TAMS 0x000000070b400000, 0x000000070b200000| Untracked 
|  60|0x000000070b400000, 0x000000070b600000, 0x000000070b600000|100%| O|  |TAMS 0x000000070b600000, 0x000000070b400000| Untracked 
|  61|0x000000070b600000, 0x000000070b800000, 0x000000070b800000|100%| O|  |TAMS 0x000000070b800000, 0x000000070b600000| Untracked 
|  62|0x000000070b800000, 0x000000070ba00000, 0x000000070ba00000|100%| O|  |TAMS 0x000000070ba00000, 0x000000070b800000| Untracked 
|  63|0x000000070ba00000, 0x000000070bc00000, 0x000000070bc00000|100%| O|  |TAMS 0x000000070bb00c00, 0x000000070ba00000| Untracked 
|  64|0x000000070bc00000, 0x000000070bc00000, 0x000000070be00000|  0%| F|  |TAMS 0x000000070bc00000, 0x000000070bc00000| Untracked 
|  65|0x000000070be00000, 0x000000070be00000, 0x000000070c000000|  0%| F|  |TAMS 0x000000070be00000, 0x000000070be00000| Untracked 
|  66|0x000000070c000000, 0x000000070c000000, 0x000000070c200000|  0%| F|  |TAMS 0x000000070c000000, 0x000000070c000000| Untracked 
|  67|0x000000070c200000, 0x000000070c200000, 0x000000070c400000|  0%| F|  |TAMS 0x000000070c200000, 0x000000070c200000| Untracked 
|  68|0x000000070c400000, 0x000000070c400000, 0x000000070c600000|  0%| F|  |TAMS 0x000000070c400000, 0x000000070c400000| Untracked 
|  69|0x000000070c600000, 0x000000070c600000, 0x000000070c800000|  0%| F|  |TAMS 0x000000070c600000, 0x000000070c600000| Untracked 
|  70|0x000000070c800000, 0x000000070c800000, 0x000000070ca00000|  0%| F|  |TAMS 0x000000070c800000, 0x000000070c800000| Untracked 
|  71|0x000000070ca00000, 0x000000070cae2ea0, 0x000000070cc00000| 44%| S|CS|TAMS 0x000000070ca00000, 0x000000070ca00000| Complete 
|  72|0x000000070cc00000, 0x000000070ce00000, 0x000000070ce00000|100%| S|CS|TAMS 0x000000070cc00000, 0x000000070cc00000| Complete 
|  73|0x000000070ce00000, 0x000000070d000000, 0x000000070d000000|100%| S|CS|TAMS 0x000000070ce00000, 0x000000070ce00000| Complete 
|  74|0x000000070d000000, 0x000000070d000000, 0x000000070d200000|  0%| F|  |TAMS 0x000000070d000000, 0x000000070d000000| Untracked 
|  75|0x000000070d200000, 0x000000070d200000, 0x000000070d400000|  0%| F|  |TAMS 0x000000070d200000, 0x000000070d200000| Untracked 
|  76|0x000000070d400000, 0x000000070d400000, 0x000000070d600000|  0%| F|  |TAMS 0x000000070d400000, 0x000000070d400000| Untracked 
|  77|0x000000070d600000, 0x000000070d800000, 0x000000070d800000|100%| S|CS|TAMS 0x000000070d600000, 0x000000070d600000| Complete 
|  78|0x000000070d800000, 0x000000070d800000, 0x000000070da00000|  0%| F|  |TAMS 0x000000070d800000, 0x000000070d800000| Untracked 
|  79|0x000000070da00000, 0x000000070da00000, 0x000000070dc00000|  0%| F|  |TAMS 0x000000070da00000, 0x000000070da00000| Untracked 
|  80|0x000000070dc00000, 0x000000070dc00000, 0x000000070de00000|  0%| F|  |TAMS 0x000000070dc00000, 0x000000070dc00000| Untracked 
|  81|0x000000070de00000, 0x000000070de00000, 0x000000070e000000|  0%| F|  |TAMS 0x000000070de00000, 0x000000070de00000| Untracked 
|  82|0x000000070e000000, 0x000000070e000000, 0x000000070e200000|  0%| F|  |TAMS 0x000000070e000000, 0x000000070e000000| Untracked 
|  83|0x000000070e200000, 0x000000070e200000, 0x000000070e400000|  0%| F|  |TAMS 0x000000070e200000, 0x000000070e200000| Untracked 
|  84|0x000000070e400000, 0x000000070e400000, 0x000000070e600000|  0%| F|  |TAMS 0x000000070e400000, 0x000000070e400000| Untracked 
|  85|0x000000070e600000, 0x000000070e600000, 0x000000070e800000|  0%| F|  |TAMS 0x000000070e600000, 0x000000070e600000| Untracked 
|  86|0x000000070e800000, 0x000000070e800000, 0x000000070ea00000|  0%| F|  |TAMS 0x000000070e800000, 0x000000070e800000| Untracked 
|  87|0x000000070ea00000, 0x000000070ea00000, 0x000000070ec00000|  0%| F|  |TAMS 0x000000070ea00000, 0x000000070ea00000| Untracked 
|  88|0x000000070ec00000, 0x000000070ec00000, 0x000000070ee00000|  0%| F|  |TAMS 0x000000070ec00000, 0x000000070ec00000| Untracked 
|  89|0x000000070ee00000, 0x000000070ee00000, 0x000000070f000000|  0%| F|  |TAMS 0x000000070ee00000, 0x000000070ee00000| Untracked 
|  90|0x000000070f000000, 0x000000070f000000, 0x000000070f200000|  0%| F|  |TAMS 0x000000070f000000, 0x000000070f000000| Untracked 
|  91|0x000000070f200000, 0x000000070f200000, 0x000000070f400000|  0%| F|  |TAMS 0x000000070f200000, 0x000000070f200000| Untracked 
|  92|0x000000070f400000, 0x000000070f400000, 0x000000070f600000|  0%| F|  |TAMS 0x000000070f400000, 0x000000070f400000| Untracked 
|  93|0x000000070f600000, 0x000000070f600000, 0x000000070f800000|  0%| F|  |TAMS 0x000000070f600000, 0x000000070f600000| Untracked 
|  94|0x000000070f800000, 0x000000070f800000, 0x000000070fa00000|  0%| F|  |TAMS 0x000000070f800000, 0x000000070f800000| Untracked 
|  95|0x000000070fa00000, 0x000000070fa00000, 0x000000070fc00000|  0%| F|  |TAMS 0x000000070fa00000, 0x000000070fa00000| Untracked 
|  96|0x000000070fc00000, 0x000000070fc00000, 0x000000070fe00000|  0%| F|  |TAMS 0x000000070fc00000, 0x000000070fc00000| Untracked 
|  97|0x000000070fe00000, 0x000000070fe00000, 0x0000000710000000|  0%| F|  |TAMS 0x000000070fe00000, 0x000000070fe00000| Untracked 
|  98|0x0000000710000000, 0x0000000710000000, 0x0000000710200000|  0%| F|  |TAMS 0x0000000710000000, 0x0000000710000000| Untracked 
|  99|0x0000000710200000, 0x0000000710200000, 0x0000000710400000|  0%| F|  |TAMS 0x0000000710200000, 0x0000000710200000| Untracked 
| 100|0x0000000710400000, 0x0000000710400000, 0x0000000710600000|  0%| F|  |TAMS 0x0000000710400000, 0x0000000710400000| Untracked 
| 101|0x0000000710600000, 0x0000000710600000, 0x0000000710800000|  0%| F|  |TAMS 0x0000000710600000, 0x0000000710600000| Untracked 
| 102|0x0000000710800000, 0x0000000710800000, 0x0000000710a00000|  0%| F|  |TAMS 0x0000000710800000, 0x0000000710800000| Untracked 
| 103|0x0000000710a00000, 0x0000000710a00000, 0x0000000710c00000|  0%| F|  |TAMS 0x0000000710a00000, 0x0000000710a00000| Untracked 
| 104|0x0000000710c00000, 0x0000000710c00000, 0x0000000710e00000|  0%| F|  |TAMS 0x0000000710c00000, 0x0000000710c00000| Untracked 
| 105|0x0000000710e00000, 0x0000000710e00000, 0x0000000711000000|  0%| F|  |TAMS 0x0000000710e00000, 0x0000000710e00000| Untracked 
| 106|0x0000000711000000, 0x0000000711000000, 0x0000000711200000|  0%| F|  |TAMS 0x0000000711000000, 0x0000000711000000| Untracked 
| 107|0x0000000711200000, 0x0000000711200000, 0x0000000711400000|  0%| F|  |TAMS 0x0000000711200000, 0x0000000711200000| Untracked 
| 108|0x0000000711400000, 0x0000000711400000, 0x0000000711600000|  0%| F|  |TAMS 0x0000000711400000, 0x0000000711400000| Untracked 
| 109|0x0000000711600000, 0x0000000711600000, 0x0000000711800000|  0%| F|  |TAMS 0x0000000711600000, 0x0000000711600000| Untracked 
| 110|0x0000000711800000, 0x0000000711800000, 0x0000000711a00000|  0%| F|  |TAMS 0x0000000711800000, 0x0000000711800000| Untracked 
| 111|0x0000000711a00000, 0x0000000711a00000, 0x0000000711c00000|  0%| F|  |TAMS 0x0000000711a00000, 0x0000000711a00000| Untracked 
| 112|0x0000000711c00000, 0x0000000711c00000, 0x0000000711e00000|  0%| F|  |TAMS 0x0000000711c00000, 0x0000000711c00000| Untracked 
| 113|0x0000000711e00000, 0x0000000711e00000, 0x0000000712000000|  0%| F|  |TAMS 0x0000000711e00000, 0x0000000711e00000| Untracked 
| 114|0x0000000712000000, 0x0000000712000000, 0x0000000712200000|  0%| F|  |TAMS 0x0000000712000000, 0x0000000712000000| Untracked 
| 115|0x0000000712200000, 0x0000000712200000, 0x0000000712400000|  0%| F|  |TAMS 0x0000000712200000, 0x0000000712200000| Untracked 
| 116|0x0000000712400000, 0x0000000712400000, 0x0000000712600000|  0%| F|  |TAMS 0x0000000712400000, 0x0000000712400000| Untracked 
| 117|0x0000000712600000, 0x0000000712600000, 0x0000000712800000|  0%| F|  |TAMS 0x0000000712600000, 0x0000000712600000| Untracked 
| 118|0x0000000712800000, 0x0000000712800000, 0x0000000712a00000|  0%| F|  |TAMS 0x0000000712800000, 0x0000000712800000| Untracked 
| 119|0x0000000712a00000, 0x0000000712a00000, 0x0000000712c00000|  0%| F|  |TAMS 0x0000000712a00000, 0x0000000712a00000| Untracked 
| 120|0x0000000712c00000, 0x0000000712c00000, 0x0000000712e00000|  0%| F|  |TAMS 0x0000000712c00000, 0x0000000712c00000| Untracked 
| 121|0x0000000712e00000, 0x0000000712e00000, 0x0000000713000000|  0%| F|  |TAMS 0x0000000712e00000, 0x0000000712e00000| Untracked 
| 122|0x0000000713000000, 0x0000000713000000, 0x0000000713200000|  0%| F|  |TAMS 0x0000000713000000, 0x0000000713000000| Untracked 
| 123|0x0000000713200000, 0x0000000713200000, 0x0000000713400000|  0%| F|  |TAMS 0x0000000713200000, 0x0000000713200000| Untracked 
| 124|0x0000000713400000, 0x0000000713400000, 0x0000000713600000|  0%| F|  |TAMS 0x0000000713400000, 0x0000000713400000| Untracked 
| 125|0x0000000713600000, 0x0000000713600000, 0x0000000713800000|  0%| F|  |TAMS 0x0000000713600000, 0x0000000713600000| Untracked 
| 126|0x0000000713800000, 0x0000000713800000, 0x0000000713a00000|  0%| F|  |TAMS 0x0000000713800000, 0x0000000713800000| Untracked 

Card table byte_map: [0x000001ef01070000,0x000001ef01860000] _byte_map_base: 0x000001eefd852000

Marking Bits (Prev, Next): (CMBitMap*) 0x000001ef6740d820, (CMBitMap*) 0x000001ef6740d860
 Prev Bits: [0x000001ef02050000, 0x000001ef05f60000)
 Next Bits: [0x000001ef05f60000, 0x000001ef09e70000)

Polling page: 0x000001ef67480000

Metaspace:

Usage:
  Non-class:     69.94 MB capacity,    69.48 MB (>99%) used,   365.20 KB ( <1%) free+waste,   105.19 KB ( <1%) overhead. 
      Class:      9.03 MB capacity,     8.82 MB ( 98%) used,   179.12 KB (  2%) free+waste,    35.94 KB ( <1%) overhead. 
       Both:     78.97 MB capacity,    78.30 MB (>99%) used,   544.32 KB ( <1%) free+waste,   141.12 KB ( <1%) overhead. 

Virtual space:
  Non-class space:       72.00 MB reserved,      70.17 MB ( 97%) committed 
      Class space:        1.00 GB reserved,       9.12 MB ( <1%) committed 
             Both:        1.07 GB reserved,      79.30 MB (  7%) committed 

Chunk freelists:
   Non-Class:  48.00 KB
       Class:  1.00 KB
        Both:  49.00 KB

MaxMetaspaceSize: 17179869184.00 GB
CompressedClassSpaceSize: 1.00 GB

CodeHeap 'non-profiled nmethods': size=120000Kb used=6563Kb max_used=6911Kb free=113436Kb
 bounds [0x000001ef788e0000, 0x000001ef78fa0000, 0x000001ef7fe10000]
CodeHeap 'profiled nmethods': size=120000Kb used=17128Kb max_used=18208Kb free=102871Kb
 bounds [0x000001ef713b0000, 0x000001ef725d0000, 0x000001ef788e0000]
CodeHeap 'non-nmethods': size=5760Kb used=1381Kb max_used=1474Kb free=4378Kb
 bounds [0x000001ef70e10000, 0x000001ef71080000, 0x000001ef713b0000]
 total_blobs=9038 nmethods=8351 adapters=599
 compilation: enabled
              stopped_count=0, restarted_count=0
 full_count=0

Compilation events (20 events):
Event: 60.528 Thread 0x000001ef13c746d0 10351       4       org.hibernate.type.AbstractStandardBasicType::getMutabilityPlan (10 bytes)
Event: 60.528 Thread 0x000001ef0d1a3db0 10417       3       org.hibernate.mapping.SimpleValue::isNullable (47 bytes)
Event: 60.529 Thread 0x000001ef0d1a3db0 nmethod 10417 0x000001ef71838090 code [0x000001ef71838280, 0x000001ef71838948]
Event: 60.529 Thread 0x000001ef13c746d0 nmethod 10351 0x000001ef78d14110 code [0x000001ef78d14280, 0x000001ef78d14318]
Event: 60.529 Thread 0x000001ef0d1a3db0 10418       3       org.hibernate.tuple.BaselineAttributeInformation$Builder::createInformation (44 bytes)
Event: 60.529 Thread 0x000001ef13c746d0 10419   !   4       org.hibernate.mapping.PersistentClass::getMappedClass (80 bytes)
Event: 60.529 Thread 0x000001ef0d1a3db0 nmethod 10418 0x000001ef71a6eb10 code [0x000001ef71a6ecc0, 0x000001ef71a6eec8]
Event: 60.532 Thread 0x000001ef13c746d0 nmethod 10419 0x000001ef78d13b10 code [0x000001ef78d13cc0, 0x000001ef78d13f68]
Event: 60.532 Thread 0x000001ef13c746d0 10420       4       java.lang.Class::searchMethods (104 bytes)
Event: 60.537 Thread 0x000001ef0d1a3db0 10422       3       java.lang.Integer::toString (55 bytes)
Event: 60.538 Thread 0x000001ef0d1a3db0 nmethod 10422 0x000001ef7204ea10 code [0x000001ef7204ebe0, 0x000001ef7204ef78]
Event: 60.538 Thread 0x000001ef0d1a3db0 10423       3       org.hibernate.tuple.entity.EntityBasedBasicAttribute::<init> (14 bytes)
Event: 60.538 Thread 0x000001ef0d1a3db0 nmethod 10423 0x000001ef7225ed10 code [0x000001ef7225eec0, 0x000001ef7225efe8]
Event: 60.539 Thread 0x000001ef0d1a3db0 10425       3       org.hibernate.tuple.entity.EntityMetamodel::<init> (1841 bytes)
Event: 60.543 Thread 0x000001ef13c746d0 nmethod 10420 0x000001ef78d13090 code [0x000001ef78d13220, 0x000001ef78d13898]
Event: 60.543 Thread 0x000001ef13c746d0 10424 %     4       org.hibernate.internal.util.ReflectHelper::findGetterMethodForFieldAccess @ 14 (176 bytes)
Event: 60.551 Thread 0x000001ef0d1a3db0 nmethod 10425 0x000001ef720c4310 code [0x000001ef720c5160, 0x000001ef720d1838]
Event: 60.552 Thread 0x000001ef0d1a3db0 10427       3       org.hibernate.mapping.Column::getQuotedName (49 bytes)
Event: 60.552 Thread 0x000001ef0d1a3db0 nmethod 10427 0x000001ef7160d410 code [0x000001ef7160d660, 0x000001ef7160df68]
Event: 60.552 Thread 0x000001ef0d1a3db0 10434       3       org.hibernate.bytecode.enhance.spi.interceptor.EnhancementHelper::includeInBaseFetchGroup (120 bytes)

GC Heap History (20 events):
Event: 58.009 GC heap after
{Heap after GC invocations=34 (full 0):
 garbage-first heap   total 192512K, used 109319K [0x0000000703c00000, 0x0000000800000000)
  region size 2048K, 2 young (4096K), 2 survivors (4096K)
 Metaspace       used 76421K, capacity 77007K, committed 77104K, reserved 1118208K
  class space    used 8635K, capacity 8820K, committed 8832K, reserved 1048576K
}
Event: 58.383 GC heap before
{Heap before GC invocations=34 (full 0):
 garbage-first heap   total 192512K, used 144135K [0x0000000703c00000, 0x0000000800000000)
  region size 2048K, 19 young (38912K), 2 survivors (4096K)
 Metaspace       used 77721K, capacity 78369K, committed 78640K, reserved 1118208K
  class space    used 8784K, capacity 9015K, committed 9088K, reserved 1048576K
}
Event: 58.399 GC heap after
{Heap after GC invocations=35 (full 0):
 garbage-first heap   total 192512K, used 115371K [0x0000000703c00000, 0x0000000800000000)
  region size 2048K, 3 young (6144K), 3 survivors (6144K)
 Metaspace       used 77721K, capacity 78369K, committed 78640K, reserved 1118208K
  class space    used 8784K, capacity 9015K, committed 9088K, reserved 1048576K
}
Event: 58.900 GC heap before
{Heap before GC invocations=36 (full 0):
 garbage-first heap   total 212992K, used 148139K [0x0000000703c00000, 0x0000000800000000)
  region size 2048K, 19 young (38912K), 3 survivors (6144K)
 Metaspace       used 78755K, capacity 79361K, committed 79536K, reserved 1120256K
  class space    used 8898K, capacity 9111K, committed 9216K, reserved 1048576K
}
Event: 58.909 GC heap after
{Heap after GC invocations=37 (full 0):
 garbage-first heap   total 212992K, used 117912K [0x0000000703c00000, 0x0000000800000000)
  region size 2048K, 2 young (4096K), 2 survivors (4096K)
 Metaspace       used 78755K, capacity 79361K, committed 79536K, reserved 1120256K
  class space    used 8898K, capacity 9111K, committed 9216K, reserved 1048576K
}
Event: 58.950 GC heap before
{Heap before GC invocations=37 (full 0):
 garbage-first heap   total 212992K, used 124056K [0x0000000703c00000, 0x0000000800000000)
  region size 2048K, 5 young (10240K), 2 survivors (4096K)
 Metaspace       used 78759K, capacity 79361K, committed 79536K, reserved 1120256K
  class space    used 8898K, capacity 9111K, committed 9216K, reserved 1048576K
}
Event: 58.966 GC heap after
{Heap after GC invocations=38 (full 0):
 garbage-first heap   total 212992K, used 108462K [0x0000000703c00000, 0x0000000800000000)
  region size 2048K, 1 young (2048K), 1 survivors (2048K)
 Metaspace       used 78759K, capacity 79361K, committed 79536K, reserved 1120256K
  class space    used 8898K, capacity 9111K, committed 9216K, reserved 1048576K
}
Event: 59.231 GC heap before
{Heap before GC invocations=38 (full 0):
 garbage-first heap   total 212992K, used 159662K [0x0000000703c00000, 0x0000000800000000)
  region size 2048K, 26 young (53248K), 1 survivors (2048K)
 Metaspace       used 78846K, capacity 79443K, committed 79792K, reserved 1120256K
  class space    used 8901K, capacity 9117K, committed 9216K, reserved 1048576K
}
Event: 59.236 GC heap after
{Heap after GC invocations=39 (full 0):
 garbage-first heap   total 212992K, used 109549K [0x0000000703c00000, 0x0000000800000000)
  region size 2048K, 2 young (4096K), 2 survivors (4096K)
 Metaspace       used 78846K, capacity 79443K, committed 79792K, reserved 1120256K
  class space    used 8901K, capacity 9117K, committed 9216K, reserved 1048576K
}
Event: 59.548 GC heap before
{Heap before GC invocations=40 (full 0):
 garbage-first heap   total 223232K, used 162797K [0x0000000703c00000, 0x0000000800000000)
  region size 2048K, 28 young (57344K), 2 survivors (4096K)
 Metaspace       used 78865K, capacity 79507K, committed 79792K, reserved 1120256K
  class space    used 8901K, capacity 9117K, committed 9216K, reserved 1048576K
}
Event: 59.552 GC heap after
{Heap after GC invocations=41 (full 0):
 garbage-first heap   total 223232K, used 111273K [0x0000000703c00000, 0x0000000800000000)
  region size 2048K, 2 young (4096K), 2 survivors (4096K)
 Metaspace       used 78865K, capacity 79507K, committed 79792K, reserved 1120256K
  class space    used 8901K, capacity 9117K, committed 9216K, reserved 1048576K
}
Event: 59.799 GC heap before
{Heap before GC invocations=41 (full 0):
 garbage-first heap   total 223232K, used 174761K [0x0000000703c00000, 0x0000000800000000)
  region size 2048K, 33 young (67584K), 2 survivors (4096K)
 Metaspace       used 78915K, capacity 79507K, committed 79792K, reserved 1120256K
  class space    used 8901K, capacity 9117K, committed 9216K, reserved 1048576K
}
Event: 59.804 GC heap after
{Heap after GC invocations=42 (full 0):
 garbage-first heap   total 223232K, used 112792K [0x0000000703c00000, 0x0000000800000000)
  region size 2048K, 3 young (6144K), 3 survivors (6144K)
 Metaspace       used 78915K, capacity 79507K, committed 79792K, reserved 1120256K
  class space    used 8901K, capacity 9117K, committed 9216K, reserved 1048576K
}
Event: 60.164 GC heap before
{Heap before GC invocations=43 (full 0):
 garbage-first heap   total 229376K, used 178328K [0x0000000703c00000, 0x0000000800000000)
  region size 2048K, 35 young (71680K), 3 survivors (6144K)
 Metaspace       used 80097K, capacity 80735K, committed 80944K, reserved 1120256K
  class space    used 9030K, capacity 9247K, committed 9344K, reserved 1048576K
}
Event: 60.172 GC heap after
{Heap after GC invocations=44 (full 0):
 garbage-first heap   total 229376K, used 114411K [0x0000000703c00000, 0x0000000800000000)
  region size 2048K, 4 young (8192K), 4 survivors (8192K)
 Metaspace       used 80097K, capacity 80735K, committed 80944K, reserved 1120256K
  class space    used 9030K, capacity 9247K, committed 9344K, reserved 1048576K
}
Event: 60.275 GC heap before
{Heap before GC invocations=44 (full 0):
 garbage-first heap   total 229376K, used 184043K [0x0000000703c00000, 0x0000000800000000)
  region size 2048K, 38 young (77824K), 4 survivors (8192K)
 Metaspace       used 80116K, capacity 80735K, committed 80944K, reserved 1120256K
  class space    used 9030K, capacity 9247K, committed 9344K, reserved 1048576K
}
Event: 60.282 GC heap after
{Heap after GC invocations=45 (full 0):
 garbage-first heap   total 229376K, used 116202K [0x0000000703c00000, 0x0000000800000000)
  region size 2048K, 3 young (6144K), 3 survivors (6144K)
 Metaspace       used 80116K, capacity 80735K, committed 80944K, reserved 1120256K
  class space    used 9030K, capacity 9247K, committed 9344K, reserved 1048576K
}
Event: 60.416 GC heap before
{Heap before GC invocations=45 (full 0):
 garbage-first heap   total 229376K, used 187882K [0x0000000703c00000, 0x0000000800000000)
  region size 2048K, 38 young (77824K), 3 survivors (6144K)
 Metaspace       used 80127K, capacity 80735K, committed 80944K, reserved 1120256K
  class space    used 9030K, capacity 9247K, committed 9344K, reserved 1048576K
}
Event: 60.423 GC heap after
{Heap after GC invocations=46 (full 0):
 garbage-first heap   total 229376K, used 118915K [0x0000000703c00000, 0x0000000800000000)
  region size 2048K, 4 young (8192K), 4 survivors (8192K)
 Metaspace       used 80127K, capacity 80735K, committed 80944K, reserved 1120256K
  class space    used 9030K, capacity 9247K, committed 9344K, reserved 1048576K
}
Event: 60.553 GC heap before
{Heap before GC invocations=47 (full 0):
 garbage-first heap   total 229376K, used 188547K [0x0000000703c00000, 0x0000000800000000)
  region size 2048K, 38 young (77824K), 4 survivors (8192K)
 Metaspace       used 80177K, capacity 80863K, committed 81200K, reserved 1122304K
  class space    used 9031K, capacity 9247K, committed 9344K, reserved 1048576K
}

Deoptimization events (20 events):
Event: 60.476 Thread 0x000001ef673b9e20 DEOPT PACKING pc=0x000001ef71565fc8 sp=0x00000049f05fd810
Event: 60.476 Thread 0x000001ef673b9e20 DEOPT UNPACKING pc=0x000001ef70e5e23f sp=0x00000049f05fcce0 mode 0
Event: 60.487 Thread 0x000001ef673b9e20 DEOPT PACKING pc=0x000001ef71565fc8 sp=0x00000049f05fd810
Event: 60.487 Thread 0x000001ef673b9e20 DEOPT UNPACKING pc=0x000001ef70e5e23f sp=0x00000049f05fcce0 mode 0
Event: 60.501 Thread 0x000001ef673b9e20 DEOPT PACKING pc=0x000001ef72279f7f sp=0x00000049f05fdf70
Event: 60.501 Thread 0x000001ef673b9e20 DEOPT UNPACKING pc=0x000001ef70e5e23f sp=0x00000049f05fd3f8 mode 0
Event: 60.501 Thread 0x000001ef673b9e20 DEOPT PACKING pc=0x000001ef71565fc8 sp=0x00000049f05fd530
Event: 60.501 Thread 0x000001ef673b9e20 DEOPT UNPACKING pc=0x000001ef70e5e23f sp=0x00000049f05fca00 mode 0
Event: 60.531 Thread 0x000001ef673b9e20 DEOPT PACKING pc=0x000001ef724a764f sp=0x00000049f05fcf50
Event: 60.531 Thread 0x000001ef673b9e20 DEOPT UNPACKING pc=0x000001ef70e5e23f sp=0x00000049f05fc460 mode 0
Event: 60.532 Thread 0x000001ef673b9e20 DEOPT PACKING pc=0x000001ef717692d2 sp=0x00000049f05fd220
Event: 60.532 Thread 0x000001ef673b9e20 DEOPT UNPACKING pc=0x000001ef70e5e23f sp=0x00000049f05fc740 mode 0
Event: 60.533 Thread 0x000001ef673b9e20 DEOPT PACKING pc=0x000001ef724a764f sp=0x00000049f05fcf50
Event: 60.533 Thread 0x000001ef673b9e20 DEOPT UNPACKING pc=0x000001ef70e5e23f sp=0x00000049f05fc460 mode 0
Event: 60.536 Thread 0x000001ef673b9e20 DEOPT PACKING pc=0x000001ef724a764f sp=0x00000049f05fcf50
Event: 60.536 Thread 0x000001ef673b9e20 DEOPT UNPACKING pc=0x000001ef70e5e23f sp=0x00000049f05fc460 mode 0
Event: 60.538 Thread 0x000001ef673b9e20 DEOPT PACKING pc=0x000001ef71b047f6 sp=0x00000049f05fd350
Event: 60.538 Thread 0x000001ef673b9e20 DEOPT UNPACKING pc=0x000001ef70e5e23f sp=0x00000049f05fc840 mode 0
Event: 60.548 Thread 0x000001ef673b9e20 DEOPT PACKING pc=0x000001ef71b047f6 sp=0x00000049f05fd350
Event: 60.548 Thread 0x000001ef673b9e20 DEOPT UNPACKING pc=0x000001ef70e5e23f sp=0x00000049f05fc840 mode 0

Classes unloaded (0 events):
No events

Classes redefined (0 events):
No events

Internal exceptions (20 events):
Event: 33.002 Thread 0x000001ef673b9e20 Exception <a 'java/io/FileNotFoundException'{0x000000070976c550}> (0x000000070976c550) 
thrown [./open/src/hotspot/share/prims/jni.cpp, line 578]
Event: 33.023 Thread 0x000001ef673b9e20 Exception <a 'java/io/FileNotFoundException'{0x000000071382bb20}> (0x000000071382bb20) 
thrown [./open/src/hotspot/share/prims/jni.cpp, line 578]
Event: 33.152 Thread 0x000001ef673b9e20 Implicit null exception at 0x000001ef789b4160 to 0x000001ef789b4460
Event: 33.316 Thread 0x000001ef673b9e20 Exception <a 'java/lang/NoSuchMethodError'{0x00000007133d6218}: 'int java.lang.invoke.DirectMethodHandle$Holder.invokeInterface(java.lang.Object, java.lang.Object, java.lang.Object, java.lang.Object)'> (0x00000007133d6218) 
thrown [./open/src/hotspot/share/interpreter/linkResolver.cpp, line 782]
Event: 33.613 Thread 0x000001ef673b9e20 Implicit null exception at 0x000001ef7894fd60 to 0x000001ef7894fddc
Event: 33.847 Thread 0x000001ef673b9e20 Exception <a 'java/lang/NoSuchMethodError'{0x000000070c065ac0}: 'void java.lang.invoke.DirectMethodHandle$Holder.invokeStaticInit(java.lang.Object)'> (0x000000070c065ac0) 
thrown [./open/src/hotspot/share/interpreter/linkResolver.cpp, line 782]
Event: 33.881 Thread 0x000001ef673b9e20 Exception <a 'java/lang/IncompatibleClassChangeError'{0x000000070c080140}: Found class java.lang.Object, but interface was expected> (0x000000070c080140) 
thrown [./open/src/hotspot/share/interpreter/linkResolver.cpp, line 848]
Event: 34.163 Thread 0x000001ef673b9e20 Exception <a 'java/lang/NoClassDefFoundError'{0x000000070bf47ab8}: oracle/security/pki/OraclePKIProvider> (0x000000070bf47ab8) 
thrown [./open/src/hotspot/share/classfile/systemDictionary.cpp, line 284]
Event: 35.245 Thread 0x000001ef673b9e20 Exception <a 'java/lang/NoSuchMethodError'{0x000000070b4cd8d8}: 'java.lang.Object java.lang.invoke.DirectMethodHandle$Holder.invokeVirtual(java.lang.Object, java.lang.Object, int)'> (0x000000070b4cd8d8) 
thrown [./open/src/hotspot/share/interpreter/linkResolver.cpp, line 782]
Event: 40.458 Thread 0x000001ef673b9e20 Exception <a 'java/lang/NoSuchMethodError'{0x000000070a456770}: 'java.lang.Object java.lang.invoke.DirectMethodHandle$Holder.invokeSpecial(java.lang.Object, java.lang.Object, long, java.lang.Object, java.lang.Object, java.lang.Object, java.lang.Object, java.lang.Object, java.lang.Object, java.lang.Object, java.lang.Object, java.lang.Object)'> (0x000000070a456770) 
thrown [./open/src/hotspot/share/interpreter/linkResolver.cpp, line 782]
Event: 40.458 Thread 0x000001ef673b9e20 Exception <a 'java/lang/NoSuchMethodError'{0x000000070a45b160}: 'java.lang.Object java.lang.invoke.DelegatingMethodHandle$Holder.reinvoke_L(java.lang.Object, long, java.lang.Object, java.lang.Object, java.lang.Object, java.lang.Object, java.lang.Object, java.lang.Object, java.lang.Object, java.lang.Object, java.lang.Object)'> (0x000000070a45b160) 
thrown [./open/src/hotspot/share/interpreter/linkResolver.cpp, line 782]
Event: 40.461 Thread 0x000001ef673b9e20 Exception <a 'java/lang/NoSuchMethodError'{0x000000070a48af38}: 'java.lang.Object java.lang.invoke.DirectMethodHandle$Holder.invokeSpecial(java.lang.Object, java.lang.Object, java.lang.Object, java.lang.Object, java.lang.Object, java.lang.Object, java.lang.Object, java.lang.Object, java.lang.Object, java.lang.Object, java.lang.Object)'> (0x000000070a48af38) 
thrown [./open/src/hotspot/share/interpreter/linkResolver.cpp, line 782]
Event: 40.461 Thread 0x000001ef673b9e20 Exception <a 'java/lang/NoSuchMethodError'{0x000000070a48fb98}: 'java.lang.Object java.lang.invoke.Invokers$Holder.linkToTargetMethod(java.lang.Object, java.lang.Object, java.lang.Object, java.lang.Object, java.lang.Object, java.lang.Object, java.lang.Object, java.lang.Object, java.lang.Object, java.lang.Object)'> (0x000000070a48fb98) 
thrown [./open/src/hotspot/share/interpreter/linkResolver.cpp, line 782]
Event: 55.531 Thread 0x000001ef673b9e20 Exception <a 'java/lang/NoSuchMethodError'{0x0000000709ead960}: 'java.lang.Object java.lang.invoke.DirectMethodHandle$Holder.invokeStaticInit(java.lang.Object, java.lang.Object, java.lang.Object, java.lang.Object)'> (0x0000000709ead960) 
thrown [./open/src/hotspot/share/interpreter/linkResolver.cpp, line 782]
Event: 56.101 Thread 0x000001ef673b9e20 Implicit null exception at 0x000001ef78d76867 to 0x000001ef78d7ef10
Event: 57.205 Thread 0x000001ef673b9e20 Implicit null exception at 0x000001ef78eb56c0 to 0x000001ef78eb754c
Event: 57.375 Thread 0x000001ef673b9e20 Implicit null exception at 0x000001ef78ec7965 to 0x000001ef78ec9608
Event: 58.048 Thread 0x000001ef673b9e20 Implicit null exception at 0x000001ef78f1b004 to 0x000001ef78f1b1b0
Event: 60.398 Thread 0x000001ef673b9e20 Implicit null exception at 0x000001ef78a75c4a to 0x000001ef78a76ab4
Event: 60.400 Thread 0x000001ef673b9e20 Implicit null exception at 0x000001ef78c94ef9 to 0x000001ef78c959d8

Events (20 events):
Event: 59.804 Executing VM operation: G1CollectForAllocation done
Event: 59.950 Executing VM operation: G1Concurrent
Event: 59.954 Executing VM operation: G1Concurrent done
Event: 60.041 Executing VM operation: G1Concurrent
Event: 60.041 Executing VM operation: G1Concurrent done
Event: 60.141 Executing VM operation: HandshakeAllThreads
Event: 60.141 Executing VM operation: HandshakeAllThreads done
Event: 60.164 Executing VM operation: G1CollectForAllocation
Event: 60.172 Executing VM operation: G1CollectForAllocation done
Event: 60.275 Executing VM operation: G1CollectForAllocation
Event: 60.282 Executing VM operation: G1CollectForAllocation done
Event: 60.416 Executing VM operation: G1CollectForAllocation
Event: 60.423 Executing VM operation: G1CollectForAllocation done
Event: 60.436 Executing VM operation: G1Concurrent
Event: 60.440 Executing VM operation: G1Concurrent done
Event: 60.478 loading class jdk/internal/reflect/UnsafeIntegerFieldAccessorImpl
Event: 60.478 loading class jdk/internal/reflect/UnsafeIntegerFieldAccessorImpl done
Event: 60.534 Executing VM operation: G1Concurrent
Event: 60.534 Executing VM operation: G1Concurrent done
Event: 60.553 Executing VM operation: G1CollectForAllocation


Dynamic libraries:
0x00007ff60e3f0000 - 0x00007ff60e3ff000 	C:\Program Files\Java\jdk-15.0.1\bin\java.exe
0x00007ffecd370000 - 0x00007ffecd566000 	C:\Windows\SYSTEM32\ntdll.dll
0x00007ffecb4f0000 - 0x00007ffecb5ad000 	C:\Windows\System32\KERNEL32.DLL
0x00007ffecaab0000 - 0x00007ffecad79000 	C:\Windows\System32\KERNELBASE.dll
0x00007ffecaec0000 - 0x00007ffecafc0000 	C:\Windows\System32\ucrtbase.dll
0x00007ffeac0b0000 - 0x00007ffeac0c9000 	C:\Program Files\Java\jdk-15.0.1\bin\VCRUNTIME140.dll
0x00007ffeac830000 - 0x00007ffeac848000 	C:\Program Files\Java\jdk-15.0.1\bin\jli.dll
0x00007ffecb5b0000 - 0x00007ffecb65c000 	C:\Windows\System32\ADVAPI32.dll
0x00007ffecc500000 - 0x00007ffecc59e000 	C:\Windows\System32\msvcrt.dll
0x00007ffecb7f0000 - 0x00007ffecb88c000 	C:\Windows\System32\sechost.dll
0x00007ffecb6a0000 - 0x00007ffecb7cb000 	C:\Windows\System32\RPCRT4.dll
0x00007ffecd180000 - 0x00007ffecd320000 	C:\Windows\System32\USER32.dll
0x00007ffecad80000 - 0x00007ffecada2000 	C:\Windows\System32\win32u.dll
0x00007ffecc2c0000 - 0x00007ffecc2ea000 	C:\Windows\System32\GDI32.dll
0x00007ffeb2080000 - 0x00007ffeb231b000 	C:\Windows\WinSxS\amd64_microsoft.windows.common-controls_6595b64144ccf1df_6.0.19041.746_none_ca02b4b61b8320a4\COMCTL32.dll
0x00007ffecadb0000 - 0x00007ffecaebb000 	C:\Windows\System32\gdi32full.dll
0x00007ffecb200000 - 0x00007ffecb29d000 	C:\Windows\System32\msvcp_win.dll
0x00007ffec3860000 - 0x00007ffec386a000 	C:\Windows\SYSTEM32\VERSION.dll
0x00007ffecb670000 - 0x00007ffecb6a0000 	C:\Windows\System32\IMM32.DLL
0x00007ffeb31e0000 - 0x00007ffeb31ec000 	C:\Program Files\Java\jdk-15.0.1\bin\vcruntime140_1.dll
0x00007ffe82f40000 - 0x00007ffe82fd1000 	C:\Program Files\Java\jdk-15.0.1\bin\msvcp140.dll
0x00007ffe6b5c0000 - 0x00007ffe6c11e000 	C:\Program Files\Java\jdk-15.0.1\bin\server\jvm.dll
0x00007ffecd0e0000 - 0x00007ffecd0e8000 	C:\Windows\System32\PSAPI.DLL
0x00007ffec4cc0000 - 0x00007ffec4cc9000 	C:\Windows\SYSTEM32\WSOCK32.dll
0x00007ffeccba0000 - 0x00007ffeccc0b000 	C:\Windows\System32\WS2_32.dll
0x00007ffeac670000 - 0x00007ffeac697000 	C:\Windows\SYSTEM32\WINMM.dll
0x00007ffec89a0000 - 0x00007ffec89b2000 	C:\Windows\SYSTEM32\kernel.appcore.dll
0x00007ffeb2df0000 - 0x00007ffeb2dfa000 	C:\Program Files\Java\jdk-15.0.1\bin\jimage.dll
0x00007ffec5210000 - 0x00007ffec53f4000 	C:\Windows\SYSTEM32\DBGHELP.DLL
0x00007ffeb0f10000 - 0x00007ffeb0f3c000 	C:\Windows\SYSTEM32\dbgcore.DLL
0x00007ffecb020000 - 0x00007ffecb0a0000 	C:\Windows\System32\bcryptPrimitives.dll
0x00007ffec34d0000 - 0x00007ffec34de000 	C:\Program Files\Java\jdk-15.0.1\bin\instrument.dll
0x00007ffe96f40000 - 0x00007ffe96f65000 	C:\Program Files\Java\jdk-15.0.1\bin\java.dll
0x00007ffecbb70000 - 0x00007ffecc2b2000 	C:\Windows\System32\SHELL32.dll
0x00007ffec8bc0000 - 0x00007ffec9350000 	C:\Windows\SYSTEM32\windows.storage.dll
0x00007ffecc6d0000 - 0x00007ffecca26000 	C:\Windows\System32\combase.dll
0x00007ffeca440000 - 0x00007ffeca46c000 	C:\Windows\SYSTEM32\Wldp.dll
0x00007ffecc620000 - 0x00007ffecc6ce000 	C:\Windows\System32\SHCORE.dll
0x00007ffecca90000 - 0x00007ffeccae5000 	C:\Windows\System32\shlwapi.dll
0x00007ffeca9e0000 - 0x00007ffecaa06000 	C:\Windows\SYSTEM32\profapi.dll
0x00007ffea2530000 - 0x00007ffea2548000 	C:\Program Files\Java\jdk-15.0.1\bin\zip.dll
0x00007ffeabff0000 - 0x00007ffeac009000 	C:\Program Files\Java\jdk-15.0.1\bin\net.dll
0x00007ffec5ba0000 - 0x00007ffec5ca0000 	C:\Windows\SYSTEM32\WINHTTP.dll
0x00007ffeca230000 - 0x00007ffeca29a000 	C:\Windows\system32\mswsock.dll
0x00007ffea94f0000 - 0x00007ffea9502000 	C:\Program Files\Java\jdk-15.0.1\bin\nio.dll
0x00007ffec0de0000 - 0x00007ffec0dfa000 	C:\Program Files\JetBrains\IntelliJ IDEA 2020.2.3\bin\breakgen64.dll
0x00007ffeb1680000 - 0x00007ffeb1690000 	C:\Program Files\Java\jdk-15.0.1\bin\verify.dll
0x00007ffeb24a0000 - 0x00007ffeb24a9000 	C:\Program Files\Java\jdk-15.0.1\bin\management.dll
0x00007ffeb2450000 - 0x00007ffeb245b000 	C:\Program Files\Java\jdk-15.0.1\bin\management_ext.dll
0x00007ffe6f1c0000 - 0x00007ffe6f1d7000 	C:\Windows\system32\napinsp.dll
0x00007ffe6c140000 - 0x00007ffe6c15b000 	C:\Windows\system32\pnrpnsp.dll
0x00007ffec5aa0000 - 0x00007ffec5ab5000 	C:\Windows\system32\wshbth.dll
0x00007ffec5ca0000 - 0x00007ffec5cbd000 	C:\Windows\system32\NLAapi.dll
0x00007ffec9ef0000 - 0x00007ffec9f2b000 	C:\Windows\SYSTEM32\IPHLPAPI.DLL
0x00007ffec9f40000 - 0x00007ffeca00b000 	C:\Windows\SYSTEM32\DNSAPI.dll
0x00007ffecd320000 - 0x00007ffecd328000 	C:\Windows\System32\NSI.dll
0x00007ffe6c120000 - 0x00007ffe6c132000 	C:\Windows\System32\winrnr.dll
0x00007ffebff80000 - 0x00007ffebff8a000 	C:\Windows\System32\rasadhlp.dll
0x00007ffebc710000 - 0x00007ffebc78f000 	C:\Windows\System32\fwpuclnt.dll
0x00007ffecb3a0000 - 0x00007ffecb3c7000 	C:\Windows\System32\bcrypt.dll
0x00007ffeca480000 - 0x00007ffeca498000 	C:\Windows\SYSTEM32\CRYPTSP.dll
0x00007ffec9b80000 - 0x00007ffec9bb4000 	C:\Windows\system32\rsaenh.dll
0x00007ffeca960000 - 0x00007ffeca98e000 	C:\Windows\SYSTEM32\USERENV.dll
0x00007ffeca3b0000 - 0x00007ffeca3bc000 	C:\Windows\SYSTEM32\CRYPTBASE.dll
0x00007ffec4ba0000 - 0x00007ffec4bb7000 	C:\Windows\SYSTEM32\dhcpcsvc6.DLL
0x00007ffec4b40000 - 0x00007ffec4b5d000 	C:\Windows\SYSTEM32\dhcpcsvc.DLL

dbghelp: loaded successfully - version: 4.0.5 - missing functions: none
symbol engine: initialized successfully - sym options: 0x614 - pdb path: .;C:\Program Files\Java\jdk-15.0.1\bin;C:\Windows\SYSTEM32;C:\Windows\WinSxS\amd64_microsoft.windows.common-controls_6595b64144ccf1df_6.0.19041.746_none_ca02b4b61b8320a4;C:\Program Files\Java\jdk-15.0.1\bin\server;C:\Program Files\JetBrains\IntelliJ IDEA 2020.2.3\bin

VM Arguments:
jvm_args: -javaagent:C:\Program Files\JetBrains\IntelliJ IDEA 2020.2.3\lib\idea_rt.jar=14490:C:\Program Files\JetBrains\IntelliJ IDEA 2020.2.3\bin -Dfile.encoding=UTF-8 
java_command: org.kebs.app.kotlin.apollo.api.ApiApplicationKt
java_class_path (initial): D:\apollo\apollo-api\build\classes\kotlin\main;D:\apollo\apollo-api\build\resources\main;C:\gradle-6.7\caches\modules-2\files-2.1\org.jetbrains.kotlinx\kotlinx-coroutines-reactor\1.4.2\cc081db6956db3617b5f7e7eb39e3790137c35e6\kotlinx-coroutines-reactor-1.4.2.jar;C:\gradle-6.7\caches\modules-2\files-2.1\org.jetbrains.kotlin\kotlin-stdlib-jdk8\1.4.21\3ad7f99fb330947a12451ea16767d192d763600a\kotlin-stdlib-jdk8-1.4.21.jar;C:\gradle-6.7\caches\modules-2\files-2.1\org.apache.poi\poi-ooxml\3.17\7d8c44407178b73246462842bf1e206e99c8e0a\poi-ooxml-3.17.jar;C:\gradle-6.7\caches\modules-2\files-2.1\io.ktor\ktor-client-apache\1.4.0\1868b25bc340b8913c972a232b89e41ab8ffd02d\ktor-client-apache-jvm-1.4.0.jar;C:\gradle-6.7\caches\modules-2\files-2.1\commons-codec\commons-codec\1.13\3f18e1aa31031d89db6f01ba05d501258ce69d2c\commons-codec-1.13.jar;C:\gradle-6.7\caches\modules-2\files-2.1\org.springframework.boot\spring-boot-starter-web\2.4.1\fb70dcc55475177dd404c5577c6d64b6c591c9cd\spring-boot-starter-web-2.4.1.jar;C:\gradle-6.7\caches\modules-2\files-2.1\org.springframework.boot\spring-boot-starter-security\2.4.1\deb50c476f4226ab7a3a0411433dfc342dac8aee\spring-boot-starter-security-2.4.1.jar;C:\gradle-6.7\caches\modules-2\files-2.1\org.springframework.boot\spring-boot-starter-thymeleaf\2.4.1\d8eaea235e36763532110e0ea0ea76515abd1829\spring-boot-starter-thymeleaf-2.4.1.jar;C:\gradle-6.7\caches\modules-2\files-2.1\org.springframework.boot\spring-boot-starter-mail\2.4.1\15f2e41129b7eeec0652087ee6d3c7b24b63c062\spring-boot-starter-mail-2.4.1.jar;D:\apollo\apollo-store\build\classes\kotlin\main;D:\apollo\apollo-store\build\resources\main;C:\gradle-6.7\caches\modules-2\files-2.1\ch.qos.logback\logback-classic\1.2.3\7c4f3c474fb2c041d8028740440937705ebb473a\logback-classic-1.2.3.jar;C:\gradle-6.7\caches\modules-2\files-2.1\io.github.microutils\kotlin-logging\1.7.9\910dfb87d91a48f52d3afb4b0b09cff9d2f23f6b\kotlin-logging-1.7.9.jar;C:\gradle-6.7\caches\modules-2\files-2
Launcher Type: SUN_STANDARD

[Global flags]
     intx CICompilerCount                          = 4                                         {product} {ergonomic}
     uint ConcGCThreads                            = 2                                         {product} {ergonomic}
     uint G1ConcRefinementThreads                  = 8                                         {product} {ergonomic}
   size_t G1HeapRegionSize                         = 2097152                                   {product} {ergonomic}
    uintx GCDrainStackTargetSize                   = 64                                        {product} {ergonomic}
   size_t InitialHeapSize                          = 266338304                                 {product} {ergonomic}
   size_t MarkStackSize                            = 4194304                                   {product} {ergonomic}
   size_t MaxHeapSize                              = 4232052736                                {product} {ergonomic}
   size_t MaxNewSize                               = 2537553920                                {product} {ergonomic}
   size_t MinHeapDeltaBytes                        = 2097152                                   {product} {ergonomic}
   size_t MinHeapSize                              = 8388608                                   {product} {ergonomic}
    uintx NonNMethodCodeHeapSize                   = 5839372                                {pd product} {ergonomic}
    uintx NonProfiledCodeHeapSize                  = 122909434                              {pd product} {ergonomic}
    uintx ProfiledCodeHeapSize                     = 122909434                              {pd product} {ergonomic}
    uintx ReservedCodeCacheSize                    = 251658240                              {pd product} {ergonomic}
     bool SegmentedCodeCache                       = true                                      {product} {ergonomic}
   size_t SoftMaxHeapSize                          = 4232052736                             {manageable} {ergonomic}
     bool UseCompressedClassPointers               = true                                 {lp64_product} {ergonomic}
     bool UseCompressedOops                        = true                                 {lp64_product} {ergonomic}
     bool UseG1GC                                  = true                                      {product} {ergonomic}
     bool UseLargePagesIndividualAllocation        = false                                  {pd product} {ergonomic}

Logging:
Log output configuration:
 #0: stdout all=warning uptime,level,tags
 #1: stderr all=off uptime,level,tags

Environment Variables:
JAVA_HOME=C:\Program Files\Java\jdk-15.0.1
PATH=C:\Program Files\Common Files\Oracle\Java\javapath;C:\Windows\system32;C:\Windows;C:\Windows\System32\Wbem;C:\Windows\System32\WindowsPowerShell\v1.0\;C:\Windows\System32\OpenSSH\;C:\Program Files\PuTTY\;C:\Program Files\Microsoft VS Code\bin;C:\Program Files\Git\cmd;C:\gradle\bin;C:\gradle-6.7;C:\Program Files\Java\jdk-15.0.1\bin;C:\gradle-6.7\bin;;C:\Program Files\Docker\Docker\resources\bin;C:\ProgramData\DockerDesktop\version-bin;C:\Program Files\nodejs\;C:\Users\ADMIN\AppData\Local\Microsoft\WindowsApps;C:\gradle-6.7\bin;C:\Users\ADMIN\AppData\Roaming\npm
USERNAME=ADMIN
OS=Windows_NT
PROCESSOR_IDENTIFIER=Intel64 Family 6 Model 142 Stepping 12, GenuineIntel



---------------  S Y S T E M  ---------------

OS:
 Windows 10 , 64 bit Build 19041 (10.0.19041.804)
OS uptime: 15 days 3:43 hours
HyperV virtualization detected

CPU: total 8 (initial active 8) (4 cores per cpu, 2 threads per core) family 6 model 142 stepping 12 microcode 0xca, cmov, cx8, fxsr, mmx, sse, sse2, sse3, ssse3, sse4.1, sse4.2, popcnt, vzeroupper, avx, avx2, aes, clmul, erms, 3dnowpref, lzcnt, ht, tsc, tscinvbit, bmi1, bmi2, adx, fma, clflush, clflushopt

Memory: 4k page, system-wide physical 16139M (395M free)
TotalPageFile size 27833M (AvailPageFile size 16M)
current process WorkingSet (physical memory assigned to process): 481M, peak: 484M
current process commit charge ("private bytes"): 555M, peak: 592M

vm_info: Java HotSpot(TM) 64-Bit Server VM (15.0.1+9-18) for windows-amd64 JRE (15.0.1+9-18), built on Sep 15 2020 14:43:54 by "mach5one" with unknown MS VC++:1925

END.
